<?xml version="1.0" encoding="UTF-8"?>
<!-- Generated by org.testng.reporters.JUnitXMLReporter -->
<testsuite ignored="0" hostname="DESKTOP-F486645" failures="0" tests="1" name="firefox" time="0.015" errors="0" timestamp="2024-07-05T19:10:06 IST">
  <testcase classname="fw.base" name="@BeforeMethod openapplication" time="-1.720186806152E9">
    <failure type="org.testng.TestNGException" message="
Parameter &amp;apos;browser&amp;apos; is required by BeforeMethod on method openapplication but has not been marked @Optional or defined
in C:\Users\HP\git\AutoMationProject\AutoMationProject\testng1.xml">
      <![CDATA[org.testng.TestNGException: 
Parameter 'browser' is required by BeforeMethod on method openapplication but has not been marked @Optional or defined
in C:\Users\HP\git\AutoMationProject\AutoMationProject\testng1.xml
at java.base/java.util.ArrayList.forEach(ArrayList.java:1597)
... Removed 28 stack frames]]>
    </failure>
  </testcase> <!-- @BeforeMethod openapplication -->
  <testcase classname="fw.testng" name="logins" time="0.0">
    <skipped/>
  </testcase> <!-- logins -->
</testsuite> <!-- firefox -->
